2025-02-10 10:28:05 - Dry run mode selected.
2025-02-10 10:28:06 - Starting synchronization...
2025-02-10 10:28:19 - Updated: /Users/liborballaty/Documents/Projects/Production/ISO27001DocumentGenerator
2025-02-10 10:28:19 - Updated: /Users/liborballaty/Documents/Projects/Production/gettingThroughTheDay
2025-02-10 10:28:19 - Updated: /Users/liborballaty/Documents/Projects/Production/3DNetworkVisualization
2025-02-10 10:28:19 - Updated: /Users/liborballaty/Documents/Projects/Production/myFunctionProj
2025-02-10 10:28:19 - Updated: /Users/liborballaty/Documents/Projects/Production/BungalowBookingCalendar
2025-02-10 10:28:19 - Updated: /Users/liborballaty/Documents/Projects/Production/SocialWorker_Client-App
2025-02-10 10:28:19 - Updated: /Users/liborballaty/Documents/Projects/Production/home-assistant-gui-app
2025-02-10 10:28:19 - Updated: /Users/liborballaty/Documents/Projects/Production/svgFileManipulator
2025-02-10 10:28:19 - Updated: /Users/liborballaty/Documents/Projects/Production/test
2025-02-10 10:28:19 - Updated: /Users/liborballaty/Documents/Projects/Production/smarthouse
2025-02-10 10:28:19 - Updated: /Users/liborballaty/Documents/Projects/Production/IQ_Button
2025-02-10 10:28:19 - Updated: /Users/liborballaty/Documents/Projects/Production/bolttest
2025-02-10 10:28:19 - Updated: /Users/liborballaty/Documents/Projects/Production/Embedded-Networking
2025-02-10 10:28:20 - Updated: /Users/liborballaty/Documents/Projects/Production/WorkProjects
2025-02-10 10:28:20 - Updated: /Users/liborballaty/Documents/Projects/Production/tinyFlutterProxy
2025-02-10 10:28:20 - Updated: /Users/liborballaty/Documents/Projects/Production/AIStatusApp
2025-02-10 10:28:20 - Updated: /Users/liborballaty/Documents/Projects/Production/HomeAssistantAPITesterWebPage
2025-02-10 10:28:20 - Updated: /Users/liborballaty/Documents/Projects/Production/Velino_Smart
2025-02-10 10:28:20 - Updated: /Users/liborballaty/Documents/Projects/Production/SuperDuino
2025-02-10 10:28:20 - Updated: /Users/liborballaty/Documents/Projects/Production/Velino/iot-hub-c
2025-02-10 10:28:20 - Updated: /Users/liborballaty/Documents/Projects/Production/Velino/Velino_Smart
2025-02-10 10:28:20 - Updated: /Users/liborballaty/Documents/Projects/Production/Velino/Velino-Cooler
2025-02-10 10:28:20 - Updated: /Users/liborballaty/Documents/Projects/Production/Velino/test-space/test
2025-02-10 10:28:20 - Updated: /Users/liborballaty/Documents/Projects/Production/weatherAPIGrab
2025-02-10 10:28:21 - Updated: /Users/liborballaty/Documents/Projects/Production/Libor-web-app-exercise-tracker
2025-02-10 10:28:21 - Updated: /Users/liborballaty/Documents/Projects/Production/boltprogram
2025-02-10 10:28:21 - Updated: /Users/liborballaty/Documents/Projects/Production/SocialworkerClientReact
2025-02-10 10:28:21 - Updated: /Users/liborballaty/Documents/Projects/Production/gitAndGithubTraining/myTrainingProject
2025-02-10 10:28:21 - Updated: /Users/liborballaty/Documents/Projects/Production/gitAndGithubTraining
2025-02-10 10:28:21 - Updated: /Users/liborballaty/Documents/Projects/Production/gateway-remote-config
2025-02-10 10:28:21 - Updated: /Users/liborballaty/Documents/Projects/Production/boltprogram2
2025-02-10 10:28:21 - Updated: /Users/liborballaty/Documents/Projects/Production/tinyProxy
2025-02-10 10:28:21 - Updated: /Users/liborballaty/Documents/Projects/Production/myTrainingProject
2025-02-10 10:28:21 - Updated: /Users/liborballaty/Documents/Projects/Production/ISMSTrackingWorkbook
2025-02-10 10:28:21 - Updated: /Users/liborballaty/Documents/Projects/Production/Documents
2025-02-10 10:28:21 - Updated: /Users/liborballaty/Documents/Projects/Production/NewsInfoMultiSourceAggregatorApp
2025-02-10 10:28:21 - Updated: /Users/liborballaty/Documents/Projects/Production/Multi-Function-Calculator-Tester
2025-02-10 10:28:22 - Updated: /Users/liborballaty/Documents/Projects/Production/peertopeerCommunicationWeb
2025-02-10 10:28:22 - Updated: /Users/liborballaty/Documents/Projects/Production/SecurityAsAService
2025-02-10 10:28:22 - Updated: /Users/liborballaty/Documents/Projects/Production/3DNetwork
2025-02-10 10:28:22 - Updated: /Users/liborballaty/Documents/Projects/Production/go-madeira
2025-02-10 10:28:22 - Updated: /Users/liborballaty/Documents/Projects/Production/l
2025-02-10 10:28:22 - Updated: /Users/liborballaty/Documents/Projects/Production/SmartHouse-Gui-to-HomeAssistant
2025-02-10 10:28:22 - Checking for orphaned repositories in Production...
2025-02-10 10:28:22 - Synchronization complete. Production directory is now up to date!
2025-02-10 11:00:01 - Dry run mode selected.
2025-02-10 11:00:01 - Starting synchronization...
2025-02-10 11:00:07 - Updated: /Users/liborballaty/Documents/Projects/Production/ISO27001DocumentGenerator
2025-02-10 11:00:07 - Updated: /Users/liborballaty/Documents/Projects/Production/gettingThroughTheDay
2025-02-10 11:00:07 - Updated: /Users/liborballaty/Documents/Projects/Production/3DNetworkVisualization
2025-02-10 11:00:07 - Updated: /Users/liborballaty/Documents/Projects/Production/myFunctionProj
2025-02-10 11:00:07 - Updated: /Users/liborballaty/Documents/Projects/Production/BungalowBookingCalendar
2025-02-10 11:00:07 - Updated: /Users/liborballaty/Documents/Projects/Production/SocialWorker_Client-App
2025-02-10 11:00:07 - Updated: /Users/liborballaty/Documents/Projects/Production/home-assistant-gui-app
2025-02-10 11:00:08 - Updated: /Users/liborballaty/Documents/Projects/Production/svgFileManipulator
2025-02-10 11:00:08 - Updated: /Users/liborballaty/Documents/Projects/Production/test
2025-02-10 11:00:08 - Updated: /Users/liborballaty/Documents/Projects/Production/smarthouse
2025-02-10 11:00:08 - Updated: /Users/liborballaty/Documents/Projects/Production/IQ_Button
2025-02-10 11:00:08 - Updated: /Users/liborballaty/Documents/Projects/Production/bolttest
2025-02-10 11:00:08 - Updated: /Users/liborballaty/Documents/Projects/Production/Embedded-Networking
2025-02-10 11:00:08 - Updated: /Users/liborballaty/Documents/Projects/Production/WorkProjects
2025-02-10 11:00:08 - Updated: /Users/liborballaty/Documents/Projects/Production/tinyFlutterProxy
2025-02-10 11:00:08 - Updated: /Users/liborballaty/Documents/Projects/Production/AIStatusApp
2025-02-10 11:00:08 - Updated: /Users/liborballaty/Documents/Projects/Production/HomeAssistantAPITesterWebPage
2025-02-10 11:00:08 - Updated: /Users/liborballaty/Documents/Projects/Production/Velino_Smart
2025-02-10 11:00:08 - Updated: /Users/liborballaty/Documents/Projects/Production/SuperDuino
2025-02-10 11:00:08 - Updated: /Users/liborballaty/Documents/Projects/Production/Velino/iot-hub-c
2025-02-10 11:00:08 - Updated: /Users/liborballaty/Documents/Projects/Production/Velino/Velino_Smart
2025-02-10 11:00:08 - Updated: /Users/liborballaty/Documents/Projects/Production/Velino/Velino-Cooler
2025-02-10 11:00:08 - Updated: /Users/liborballaty/Documents/Projects/Production/Velino/test-space/test
2025-02-10 11:00:08 - Updated: /Users/liborballaty/Documents/Projects/Production/weatherAPIGrab
2025-02-10 11:00:08 - Updated: /Users/liborballaty/Documents/Projects/Production/Libor-web-app-exercise-tracker
2025-02-10 11:00:08 - Updated: /Users/liborballaty/Documents/Projects/Production/boltprogram
2025-02-10 11:00:09 - Updated: /Users/liborballaty/Documents/Projects/Production/SocialworkerClientReact
2025-02-10 11:00:09 - Updated: /Users/liborballaty/Documents/Projects/Production/gitAndGithubTraining/myTrainingProject
2025-02-10 11:00:09 - Updated: /Users/liborballaty/Documents/Projects/Production/gitAndGithubTraining
2025-02-10 11:00:09 - Updated: /Users/liborballaty/Documents/Projects/Production/gateway-remote-config
2025-02-10 11:00:09 - Updated: /Users/liborballaty/Documents/Projects/Production/boltprogram2
2025-02-10 11:00:09 - Updated: /Users/liborballaty/Documents/Projects/Production/tinyProxy
2025-02-10 11:00:09 - Updated: /Users/liborballaty/Documents/Projects/Production/myTrainingProject
2025-02-10 11:00:09 - Updated: /Users/liborballaty/Documents/Projects/Production/ISMSTrackingWorkbook
2025-02-10 11:00:09 - Updated: /Users/liborballaty/Documents/Projects/Production/Documents
2025-02-10 11:00:09 - Updated: /Users/liborballaty/Documents/Projects/Production/NewsInfoMultiSourceAggregatorApp
2025-02-10 11:00:09 - Updated: /Users/liborballaty/Documents/Projects/Production/Multi-Function-Calculator-Tester
2025-02-10 11:00:09 - Updated: /Users/liborballaty/Documents/Projects/Production/peertopeerCommunicationWeb
2025-02-10 11:00:09 - Updated: /Users/liborballaty/Documents/Projects/Production/SecurityAsAService
2025-02-10 11:00:09 - Updated: /Users/liborballaty/Documents/Projects/Production/3DNetwork
2025-02-10 11:00:09 - Updated: /Users/liborballaty/Documents/Projects/Production/go-madeira
2025-02-10 11:00:09 - Updated: /Users/liborballaty/Documents/Projects/Production/l
2025-02-10 11:00:09 - Updated: /Users/liborballaty/Documents/Projects/Production/SmartHouse-Gui-to-HomeAssistant
2025-02-10 11:00:09 - Checking for orphaned repositories in Production...
2025-02-10 11:00:09 - Synchronization complete. Production directory is now up to date!
2025-02-10 11:02:59 - Running in normal mode.
2025-02-10 11:02:59 - Starting synchronization...
2025-02-10 11:03:04 - Updated: /Users/liborballaty/Documents/Projects/Production/ISO27001DocumentGenerator
2025-02-10 11:03:04 - Updated: /Users/liborballaty/Documents/Projects/Production/gettingThroughTheDay
2025-02-10 11:03:04 - Updated: /Users/liborballaty/Documents/Projects/Production/3DNetworkVisualization
2025-02-10 11:03:04 - Updated: /Users/liborballaty/Documents/Projects/Production/myFunctionProj
2025-02-10 11:03:04 - Updated: /Users/liborballaty/Documents/Projects/Production/BungalowBookingCalendar
2025-02-10 11:03:04 - Updated: /Users/liborballaty/Documents/Projects/Production/SocialWorker_Client-App
2025-02-10 11:03:04 - Updated: /Users/liborballaty/Documents/Projects/Production/home-assistant-gui-app
2025-02-10 11:03:04 - Updated: /Users/liborballaty/Documents/Projects/Production/svgFileManipulator
2025-02-10 11:03:04 - Updated: /Users/liborballaty/Documents/Projects/Production/test
2025-02-10 11:03:04 - Updated: /Users/liborballaty/Documents/Projects/Production/smarthouse
2025-02-10 11:03:04 - Updated: /Users/liborballaty/Documents/Projects/Production/IQ_Button
2025-02-10 11:03:04 - Updated: /Users/liborballaty/Documents/Projects/Production/bolttest
2025-02-10 11:03:04 - Updated: /Users/liborballaty/Documents/Projects/Production/Embedded-Networking
2025-02-10 11:03:04 - Updated: /Users/liborballaty/Documents/Projects/Production/WorkProjects
2025-02-10 11:03:04 - Updated: /Users/liborballaty/Documents/Projects/Production/tinyFlutterProxy
2025-02-10 11:03:04 - Updated: /Users/liborballaty/Documents/Projects/Production/AIStatusApp
2025-02-10 11:03:04 - Updated: /Users/liborballaty/Documents/Projects/Production/HomeAssistantAPITesterWebPage
2025-02-10 11:03:04 - Updated: /Users/liborballaty/Documents/Projects/Production/Velino_Smart
2025-02-10 11:03:04 - Updated: /Users/liborballaty/Documents/Projects/Production/SuperDuino
2025-02-10 11:03:05 - Updated: /Users/liborballaty/Documents/Projects/Production/Velino/iot-hub-c
2025-02-10 11:03:05 - Updated: /Users/liborballaty/Documents/Projects/Production/Velino/Velino_Smart
2025-02-10 11:03:05 - Updated: /Users/liborballaty/Documents/Projects/Production/Velino/Velino-Cooler
2025-02-10 11:03:05 - Updated: /Users/liborballaty/Documents/Projects/Production/Velino/test-space/test
2025-02-10 11:03:05 - Updated: /Users/liborballaty/Documents/Projects/Production/weatherAPIGrab
2025-02-10 11:03:05 - Updated: /Users/liborballaty/Documents/Projects/Production/Libor-web-app-exercise-tracker
2025-02-10 11:03:05 - Updated: /Users/liborballaty/Documents/Projects/Production/boltprogram
2025-02-10 11:03:05 - Updated: /Users/liborballaty/Documents/Projects/Production/SocialworkerClientReact
2025-02-10 11:03:05 - Updated: /Users/liborballaty/Documents/Projects/Production/gitAndGithubTraining/myTrainingProject
2025-02-10 11:03:05 - Updated: /Users/liborballaty/Documents/Projects/Production/gitAndGithubTraining
2025-02-10 11:03:05 - Updated: /Users/liborballaty/Documents/Projects/Production/gateway-remote-config
2025-02-10 11:03:05 - Updated: /Users/liborballaty/Documents/Projects/Production/boltprogram2
2025-02-10 11:03:05 - Updated: /Users/liborballaty/Documents/Projects/Production/tinyProxy
2025-02-10 11:03:05 - Updated: /Users/liborballaty/Documents/Projects/Production/myTrainingProject
2025-02-10 11:03:06 - Updated: /Users/liborballaty/Documents/Projects/Production/ISMSTrackingWorkbook
2025-02-10 11:03:06 - Updated: /Users/liborballaty/Documents/Projects/Production/Documents
2025-02-10 11:03:06 - Updated: /Users/liborballaty/Documents/Projects/Production/NewsInfoMultiSourceAggregatorApp
2025-02-10 11:03:06 - Updated: /Users/liborballaty/Documents/Projects/Production/Multi-Function-Calculator-Tester
2025-02-10 11:03:06 - Updated: /Users/liborballaty/Documents/Projects/Production/peertopeerCommunicationWeb
2025-02-10 11:03:06 - Updated: /Users/liborballaty/Documents/Projects/Production/SecurityAsAService
2025-02-10 11:03:06 - Updated: /Users/liborballaty/Documents/Projects/Production/3DNetwork
2025-02-10 11:03:06 - Updated: /Users/liborballaty/Documents/Projects/Production/go-madeira
2025-02-10 11:03:06 - Updated: /Users/liborballaty/Documents/Projects/Production/l
2025-02-10 11:03:06 - Updated: /Users/liborballaty/Documents/Projects/Production/SmartHouse-Gui-to-HomeAssistant
2025-02-10 11:03:06 - Checking for orphaned repositories in Production...
2025-02-10 11:03:07 - Synchronization complete. Production directory is now up to date!
